<?xml version="1.0" encoding="UTF-8"?>
<!-- Generated by org.testng.reporters.JUnitReportReporter -->
<testsuite name="testcases.BrowserStackWebDemo" tests="1" time="20.419" ignored="0" failures="0" timestamp="05 Apr 2017 16:33:07 GMT" skipped="0" hostname="KSAKINAL-L-505" errors="0">
  <testcase name="verifyUserRegistration" time="20.419" classname="testcases.BrowserStackWebDemo"/>
</testsuite> <!-- testcases.BrowserStackWebDemo -->
