<?xml version="1.0" encoding="UTF-8"?>
<!-- Generated by org.testng.reporters.JUnitReportReporter -->
<testsuite name="testcases.BrowserStackWebDemoWithJson" tests="2" time="0.002" ignored="1" failures="0" timestamp="05 Apr 2017 06:57:34 GMT" skipped="2" hostname="KSAKINAL-L-505" errors="0">
  <testcase name="verifyPhotoUpload" time="0.001" classname="testcases.BrowserStackWebDemoWithJson">
    <skipped/>
  </testcase> <!-- verifyPhotoUpload -->
  <testcase name="verifyUserRegistration" time="0.001" classname="testcases.BrowserStackWebDemoWithJson">
    <skipped/>
  </testcase> <!-- verifyUserRegistration -->
  <testcase name="init" classname="base.BaseTest">
    <skipped/>
  </testcase> <!-- init -->
</testsuite> <!-- testcases.BrowserStackWebDemoWithJson -->
